<?xml version="1.0" encoding="UTF-8"?>
<testng-results ignored="0" total="1" passed="1" failed="0" skipped="0">
  <reporter-output>
  </reporter-output>
  <suite started-at="2021-04-21T18:12:41 KST" name="Default suite" finished-at="2021-04-21T18:13:00 KST" duration-ms="18749">
    <groups>
    </groups>
    <test started-at="2021-04-21T18:12:41 KST" name="Default test" finished-at="2021-04-21T18:13:00 KST" duration-ms="18749">
      <class name="apptest.apptest.Rcmp_update">
        <test-method is-config="true" signature="beforeTest()[pri:0, instance:apptest.apptest.Rcmp_update@7adda9cc]" started-at="2021-04-21T18:12:41 KST" name="beforeTest" finished-at="2021-04-21T18:12:55 KST" duration-ms="13692" status="PASS">
          <reporter-output>
          </reporter-output>
        </test-method> <!-- beforeTest -->
        <test-method signature="NoUpdate()[pri:0, instance:apptest.apptest.Rcmp_update@7adda9cc]" started-at="2021-04-21T18:12:55 KST" name="NoUpdate" finished-at="2021-04-21T18:12:59 KST" duration-ms="4371" status="PASS">
          <reporter-output>
          </reporter-output>
        </test-method> <!-- NoUpdate -->
        <test-method is-config="true" signature="closeTest()[pri:0, instance:apptest.apptest.Rcmp_update@7adda9cc]" started-at="2021-04-21T18:12:59 KST" name="closeTest" finished-at="2021-04-21T18:13:00 KST" duration-ms="621" status="PASS">
          <reporter-output>
          </reporter-output>
        </test-method> <!-- closeTest -->
      </class> <!-- apptest.apptest.Rcmp_update -->
    </test> <!-- Default test -->
  </suite> <!-- Default suite -->
</testng-results>
